Sat Jun  2 19:14:17 [initandlisten] MongoDB starting : pid=1789 port=27017 dbpath=/Users/fabiobatalha/Trabalho/scieloanalytics/data/db/ 64-bit host=Fabio-Batalhas-MacBook-Pro.local
Sat Jun  2 19:14:17 [initandlisten] db version v2.0.5, pdfile version 4.5
Sat Jun  2 19:14:17 [initandlisten] git version: 1bb4de4630302fad8af53824ca4f627db490b753
Sat Jun  2 19:14:17 [initandlisten] build info: Darwin erh2.10gen.cc 9.8.0 Darwin Kernel Version 9.8.0: Wed Jul 15 16:55:01 PDT 2009; root:xnu-1228.15.4~1/RELEASE_I386 i386 BOOST_LIB_VERSION=1_40
Sat Jun  2 19:14:17 [initandlisten] options: { dbpath: "/Users/fabiobatalha/Trabalho/scieloanalytics/data/db/" }
Sat Jun  2 19:14:17 [initandlisten] journal dir=/Users/fabiobatalha/Trabalho/scieloanalytics/data/db/journal
Sat Jun  2 19:14:17 [initandlisten] recover : no journal files present, no recovery needed
Sat Jun  2 19:14:17 [websvr] admin web console waiting for connections on port 28017
Sat Jun  2 19:14:18 [initandlisten] waiting for connections on port 27017
Sat Jun  2 19:14:24 [initandlisten] connection accepted from 127.0.0.1:51250 #1
Sat Jun  2 19:14:31 [FileAllocator] allocating new datafile /Users/fabiobatalha/Trabalho/scieloanalytics/data/db/bks_accesslog.ns, filling with zeroes...
Sat Jun  2 19:14:31 [FileAllocator] creating directory /Users/fabiobatalha/Trabalho/scieloanalytics/data/db/_tmp
Sat Jun  2 19:14:31 [FileAllocator] done allocating datafile /Users/fabiobatalha/Trabalho/scieloanalytics/data/db/bks_accesslog.ns, size: 16MB,  took 0.078 secs
Sat Jun  2 19:14:31 [FileAllocator] allocating new datafile /Users/fabiobatalha/Trabalho/scieloanalytics/data/db/bks_accesslog.0, filling with zeroes...
Sat Jun  2 19:14:32 [FileAllocator] done allocating datafile /Users/fabiobatalha/Trabalho/scieloanalytics/data/db/bks_accesslog.0, size: 64MB,  took 1.214 secs
Sat Jun  2 19:14:33 [FileAllocator] allocating new datafile /Users/fabiobatalha/Trabalho/scieloanalytics/data/db/bks_accesslog.1, filling with zeroes...
Sat Jun  2 19:14:33 [conn1] build index bks_accesslog.bks_analytics { _id: 1 }
Sat Jun  2 19:14:33 [conn1] build index done 0 records 0.137 secs
Sat Jun  2 19:14:33 [conn1] info: creating collection bks_accesslog.bks_analytics on add index
Sat Jun  2 19:14:33 [conn1] build index bks_accesslog.bks_analytics { site: 1 }
Sat Jun  2 19:14:33 [conn1] build index done 0 records 0 secs
Sat Jun  2 19:14:33 [conn1] insert bks_accesslog.system.indexes 2111ms
Sat Jun  2 19:14:35 [FileAllocator] done allocating datafile /Users/fabiobatalha/Trabalho/scieloanalytics/data/db/bks_accesslog.1, size: 128MB,  took 2.677 secs
Sat Jun  2 19:15:07 [initandlisten] connection accepted from 127.0.0.1:51252 #2
Sat Jun  2 19:15:07 [conn2] build index bks_accesslog.bks_analytics { article: 1 }
Sat Jun  2 19:15:07 [conn2] build index done 0 records 0.017 secs
Sat Jun  2 19:15:07 [conn2] build index bks_accesslog.bks_analytics { journal: 1 }
Sat Jun  2 19:15:07 [conn2] build index done 0 records 0.001 secs
Sat Jun  2 19:15:07 [conn2] build index bks_accesslog.bks_analytics { issue: 1 }
Sat Jun  2 19:15:07 [conn2] build index done 0 records 0.001 secs
Sat Jun  2 19:15:07 [conn2] build index bks_accesslog.bks_analytics { articled: 1 }
Sat Jun  2 19:15:07 [conn2] build index done 0 records 0.001 secs
Sat Jun  2 19:15:07 [conn2] end connection 127.0.0.1:51252
Sat Jun  2 19:15:18 [clientcursormon] mem (MB) res:19 virt:2608 mapped:80
Sat Jun  2 19:15:33 [initandlisten] connection accepted from 127.0.0.1:51254 #3
Sat Jun  2 19:15:35 [conn3] build index bks_accesslog.bks_processed_files { _id: 1 }
Sat Jun  2 19:15:35 [conn3] build index done 0 records 0.001 secs
Sat Jun  2 19:17:07 [conn3] end connection 127.0.0.1:51254
Sat Jun  2 19:19:24 [conn1] CMD: drop bks_accesslog.bks_analytics
Sat Jun  2 19:19:24 [conn1] command bks_accesslog.$cmd command: { drop: "bks_analytics" } ntoreturn:1 reslen:134 111ms
Sat Jun  2 19:20:18 [clientcursormon] mem (MB) res:21 virt:2608 mapped:80
Sat Jun  2 19:20:48 [initandlisten] connection accepted from 127.0.0.1:51258 #4
Sat Jun  2 19:20:48 [conn4] build index bks_accesslog.bks_analytics { _id: 1 }
Sat Jun  2 19:20:48 [conn4] build index done 0 records 0 secs
Sat Jun  2 19:20:48 [conn4] info: creating collection bks_accesslog.bks_analytics on add index
Sat Jun  2 19:20:48 [conn4] build index bks_accesslog.bks_analytics { site: 1 }
Sat Jun  2 19:20:48 [conn4] build index done 0 records 0 secs
Sat Jun  2 19:20:48 [conn4] build index bks_accesslog.bks_analytics { article: 1 }
Sat Jun  2 19:20:48 [conn4] build index done 0 records 0 secs
Sat Jun  2 19:20:48 [conn4] build index bks_accesslog.bks_analytics { journal: 1 }
Sat Jun  2 19:20:48 [conn4] build index done 0 records 0 secs
Sat Jun  2 19:20:48 [conn4] build index bks_accesslog.bks_analytics { issue: 1 }
Sat Jun  2 19:20:48 [conn4] build index done 0 records 0 secs
Sat Jun  2 19:20:48 [conn4] build index bks_accesslog.bks_analytics { articled: 1 }
Sat Jun  2 19:20:48 [conn4] build index done 0 records 0 secs
Sat Jun  2 19:20:49 [conn4] end connection 127.0.0.1:51258
Sat Jun  2 19:20:53 [conn1] CMD: drop bks_accesslog.bks_analytics
Sat Jun  2 19:20:58 [initandlisten] connection accepted from 127.0.0.1:51260 #5
Sat Jun  2 19:20:58 [conn5] build index bks_accesslog.bks_analytics { _id: 1 }
Sat Jun  2 19:20:58 [conn5] build index done 0 records 0.001 secs
Sat Jun  2 19:20:58 [conn5] info: creating collection bks_accesslog.bks_analytics on add index
Sat Jun  2 19:20:58 [conn5] build index bks_accesslog.bks_analytics { site: 1 }
Sat Jun  2 19:20:58 [conn5] build index done 0 records 0 secs
Sat Jun  2 19:20:58 [conn5] build index bks_accesslog.bks_analytics { article: 1 }
Sat Jun  2 19:20:58 [conn5] build index done 0 records 0 secs
Sat Jun  2 19:20:58 [conn5] build index bks_accesslog.bks_analytics { journal: 1 }
Sat Jun  2 19:20:58 [conn5] build index done 0 records 0 secs
Sat Jun  2 19:20:58 [conn5] build index bks_accesslog.bks_analytics { issue: 1 }
Sat Jun  2 19:20:58 [conn5] build index done 0 records 0 secs
Sat Jun  2 19:20:58 [conn5] build index bks_accesslog.bks_analytics { articled: 1 }
Sat Jun  2 19:20:58 [conn5] build index done 0 records 0 secs
Sat Jun  2 19:20:58 [conn5] end connection 127.0.0.1:51260
Sat Jun  2 19:21:16 [conn1] CMD: drop bks_accesslog.bks_processed_files
Sat Jun  2 19:21:22 [initandlisten] connection accepted from 127.0.0.1:51262 #6
Sat Jun  2 19:21:22 [conn6] build index bks_accesslog.bks_processed_files { _id: 1 }
Sat Jun  2 19:21:22 [conn6] build index done 0 records 0 secs
Sat Jun  2 19:22:57 [conn6] end connection 127.0.0.1:51262
Sat Jun  2 19:24:14 [conn1] CMD: drop bks_accesslog.bks_analytics
Sat Jun  2 19:24:17 [conn1] CMD: drop bks_accesslog.bks_processed_files
Sat Jun  2 19:25:18 [clientcursormon] mem (MB) res:17 virt:2608 mapped:80
Sat Jun  2 19:30:18 [clientcursormon] mem (MB) res:11 virt:2608 mapped:80
Sat Jun  2 19:35:18 [clientcursormon] mem (MB) res:11 virt:2608 mapped:80
Sat Jun  2 19:40:18 [clientcursormon] mem (MB) res:11 virt:2608 mapped:80
Sat Jun  2 19:45:18 [clientcursormon] mem (MB) res:11 virt:2608 mapped:80
Sat Jun  2 19:50:18 [clientcursormon] mem (MB) res:11 virt:2608 mapped:80
Sat Jun  2 19:55:18 [clientcursormon] mem (MB) res:11 virt:2608 mapped:80
Sat Jun  2 20:00:18 [clientcursormon] mem (MB) res:11 virt:2608 mapped:80
Sat Jun  2 20:05:19 [clientcursormon] mem (MB) res:11 virt:2608 mapped:80
Sat Jun  2 20:05:24 [conn1] CMD: drop bks_accesslog.bks_processed_files
Sat Jun  2 20:05:32 [initandlisten] connection accepted from 127.0.0.1:51619 #7
Sat Jun  2 20:05:32 [conn7] build index bks_accesslog.bks_analytics { _id: 1 }
Sat Jun  2 20:05:32 [conn7] build index done 0 records 0 secs
Sat Jun  2 20:05:32 [conn7] info: creating collection bks_accesslog.bks_analytics on add index
Sat Jun  2 20:05:32 [conn7] build index bks_accesslog.bks_analytics { site: 1 }
Sat Jun  2 20:05:32 [conn7] build index done 0 records 0 secs
Sat Jun  2 20:05:32 [conn7] build index bks_accesslog.bks_analytics { article: 1 }
Sat Jun  2 20:05:32 [conn7] build index done 0 records 0 secs
Sat Jun  2 20:05:32 [conn7] build index bks_accesslog.bks_analytics { journal: 1 }
Sat Jun  2 20:05:32 [conn7] build index done 0 records 0 secs
Sat Jun  2 20:05:32 [conn7] build index bks_accesslog.bks_analytics { issue: 1 }
Sat Jun  2 20:05:32 [conn7] build index done 0 records 0 secs
Sat Jun  2 20:05:32 [conn7] build index bks_accesslog.bks_analytics { articled: 1 }
Sat Jun  2 20:05:32 [conn7] build index done 0 records 0 secs
Sat Jun  2 20:05:34 [conn7] build index bks_accesslog.bks_processed_files { _id: 1 }
Sat Jun  2 20:05:34 [conn7] build index done 0 records 0.001 secs
Sat Jun  2 20:05:44 [conn7] end connection 127.0.0.1:51619
Sat Jun  2 20:05:48 [conn1] CMD: drop bks_accesslog.bks_processed_files
Sat Jun  2 20:06:03 [conn1] CMD: drop bks_accesslog.bks_processed_files
Sat Jun  2 20:06:05 [initandlisten] connection accepted from 127.0.0.1:51621 #8
Sat Jun  2 20:06:06 [conn8] build index bks_accesslog.bks_processed_files { _id: 1 }
Sat Jun  2 20:06:06 [conn8] build index done 0 records 0 secs
Sat Jun  2 20:06:11 [conn8] end connection 127.0.0.1:51621
Sat Jun  2 20:06:14 [conn1] CMD: drop bks_accesslog.bks_processed_files
Sat Jun  2 20:06:51 [conn1] CMD: drop bks_accesslog.bks_processed_files
Sat Jun  2 20:06:54 [initandlisten] connection accepted from 127.0.0.1:51623 #9
Sat Jun  2 20:06:55 [conn9] build index bks_accesslog.bks_processed_files { _id: 1 }
Sat Jun  2 20:06:55 [conn9] build index done 0 records 0 secs
Sat Jun  2 20:06:55 [conn9] end connection 127.0.0.1:51623
Sat Jun  2 20:07:19 [clientcursormon] mem (MB) res:14 virt:2608 mapped:80
Sat Jun  2 20:11:28 [conn1] CMD: drop bks_accesslog.bks_processed_files
Sat Jun  2 20:11:32 [initandlisten] connection accepted from 127.0.0.1:51719 #10
Sat Jun  2 20:11:32 [conn10] build index bks_accesslog.bks_processed_files { _id: 1 }
Sat Jun  2 20:11:32 [conn10] build index done 0 records 0 secs
Sat Jun  2 20:11:40 [conn10] end connection 127.0.0.1:51719
Sat Jun  2 20:11:59 [conn1] CMD: drop bks_accesslog.bks_processed_files
Sat Jun  2 20:12:06 [conn1] CMD: drop bks_accesslog.bks_processed_files
Sat Jun  2 20:12:08 [initandlisten] connection accepted from 127.0.0.1:51721 #11
Sat Jun  2 20:12:09 [conn11] build index bks_accesslog.bks_processed_files { _id: 1 }
Sat Jun  2 20:12:09 [conn11] build index done 0 records 0 secs
Sat Jun  2 20:12:19 [clientcursormon] mem (MB) res:11 virt:2609 mapped:80
Sat Jun  2 20:12:23 [conn11] end connection 127.0.0.1:51721
Sat Jun  2 20:12:44 [conn1] CMD: drop bks_accesslog.bks_processed_files
Sat Jun  2 20:12:47 [initandlisten] connection accepted from 127.0.0.1:51723 #12
Sat Jun  2 20:12:47 [conn12] build index bks_accesslog.bks_processed_files { _id: 1 }
Sat Jun  2 20:12:47 [conn12] build index done 0 records 0 secs
Sat Jun  2 20:12:49 [conn12] end connection 127.0.0.1:51723
Sat Jun  2 20:17:19 [clientcursormon] mem (MB) res:11 virt:2608 mapped:80
Sat Jun  2 20:18:57 [conn1] CMD: drop bks_accesslog.bks_processed_files
Sat Jun  2 20:19:01 [initandlisten] connection accepted from 127.0.0.1:51816 #13
Sat Jun  2 20:19:03 [conn13] build index bks_accesslog.bks_processed_files { _id: 1 }
Sat Jun  2 20:19:03 [conn13] build index done 0 records 0.001 secs
Sat Jun  2 20:19:16 [conn13] end connection 127.0.0.1:51816
Sat Jun  2 20:19:50 [conn1] CMD: drop bks_accesslog.bks_processed_files
Sat Jun  2 20:19:53 [initandlisten] connection accepted from 127.0.0.1:51822 #14
Sat Jun  2 20:19:53 [conn14] build index bks_accesslog.bks_processed_files { _id: 1 }
Sat Jun  2 20:19:53 [conn14] build index done 0 records 0 secs
Sat Jun  2 20:20:02 [conn14] end connection 127.0.0.1:51822
Sat Jun  2 20:20:31 [initandlisten] connection accepted from 127.0.0.1:51824 #15
Sat Jun  2 20:20:31 [conn15] end connection 127.0.0.1:51824
Sat Jun  2 20:20:36 [conn1] CMD: drop bks_accesslog.bks_processed_files
Sat Jun  2 20:21:19 [clientcursormon] mem (MB) res:14 virt:2608 mapped:80
Sat Jun  2 20:22:07 [conn1] CMD: drop bks_accesslog.bks_processed_files
Sat Jun  2 20:22:09 [initandlisten] connection accepted from 127.0.0.1:51826 #16
Sat Jun  2 20:22:09 [conn16] build index bks_accesslog.bks_analytics { book: 1 }
Sat Jun  2 20:22:09 [conn16] build index done 1 records 0.03 secs
Sat Jun  2 20:22:09 [conn16] build index bks_accesslog.bks_processed_files { _id: 1 }
Sat Jun  2 20:22:09 [conn16] build index done 0 records 0.016 secs
Sat Jun  2 20:22:09 [conn16] end connection 127.0.0.1:51826
Sat Jun  2 20:22:19 [clientcursormon] mem (MB) res:16 virt:2608 mapped:80
Sat Jun  2 20:22:53 [initandlisten] connection accepted from 127.0.0.1:51828 #17
Sat Jun  2 20:22:54 [conn17] end connection 127.0.0.1:51828
Sat Jun  2 20:22:56 [conn1] CMD: drop bks_accesslog.bks_processed_files
Sat Jun  2 20:22:58 [initandlisten] connection accepted from 127.0.0.1:51830 #18
Sat Jun  2 20:22:58 [conn18] build index bks_accesslog.bks_processed_files { _id: 1 }
Sat Jun  2 20:22:58 [conn18] build index done 0 records 0 secs
Sat Jun  2 20:24:13 [conn1] CMD: drop bks_accesslog.bks_processed_files
Sat Jun  2 20:24:13 [conn18] build index bks_accesslog.bks_processed_files { _id: 1 }
Sat Jun  2 20:24:13 [conn18] build index done 0 records 0.001 secs
Sat Jun  2 20:24:19 [conn1] CMD: drop bks_accesslog.bks_analytics
Sat Jun  2 20:24:19 [conn18] build index bks_accesslog.bks_analytics { _id: 1 }
Sat Jun  2 20:24:19 [conn18] build index done 0 records 0 secs
Sat Jun  2 20:24:47 [conn18] end connection 127.0.0.1:51830
Sat Jun  2 20:27:19 [clientcursormon] mem (MB) res:14 virt:2608 mapped:80
Sat Jun  2 20:27:46 [conn1] CMD: drop bks_accesslog.bks_analytics
Sat Jun  2 20:27:48 [conn1] CMD: drop bks_accesslog.bks_processed_files
Sat Jun  2 20:27:51 [initandlisten] connection accepted from 127.0.0.1:51834 #19
Sat Jun  2 20:27:51 [conn19] build index bks_accesslog.bks_analytics { _id: 1 }
Sat Jun  2 20:27:51 [conn19] build index done 0 records 0 secs
Sat Jun  2 20:27:51 [conn19] info: creating collection bks_accesslog.bks_analytics on add index
Sat Jun  2 20:27:51 [conn19] build index bks_accesslog.bks_analytics { site: 1 }
Sat Jun  2 20:27:51 [conn19] build index done 0 records 0 secs
Sat Jun  2 20:27:51 [conn19] build index bks_accesslog.bks_analytics { book: 1 }
Sat Jun  2 20:27:51 [conn19] build index done 0 records 0 secs
Sat Jun  2 20:27:51 [conn19] build index bks_accesslog.bks_analytics { type: 1 }
Sat Jun  2 20:27:51 [conn19] build index done 0 records 0 secs
Sat Jun  2 20:27:51 [conn19] build index bks_accesslog.bks_analytics { article: 1 }
Sat Jun  2 20:27:51 [conn19] build index done 0 records 0 secs
Sat Jun  2 20:27:51 [conn19] build index bks_accesslog.bks_analytics { journal: 1 }
Sat Jun  2 20:27:51 [conn19] build index done 0 records 0 secs
Sat Jun  2 20:27:51 [conn19] build index bks_accesslog.bks_analytics { issue: 1 }
Sat Jun  2 20:27:51 [conn19] build index done 0 records 0 secs
Sat Jun  2 20:27:51 [conn19] build index bks_accesslog.bks_analytics { articled: 1 }
Sat Jun  2 20:27:51 [conn19] build index done 0 records 0.053 secs
Sat Jun  2 20:27:51 [conn19] build index bks_accesslog.bks_processed_files { _id: 1 }
Sat Jun  2 20:27:51 [conn19] build index done 0 records 0.019 secs
Sat Jun  2 20:27:51 [conn19] end connection 127.0.0.1:51834
Sat Jun  2 20:28:06 [conn1] CMD: drop bks_accesslog.bks_processed_files
Sat Jun  2 20:28:08 [conn1] CMD: drop bks_accesslog.bks_analytics
Sat Jun  2 20:28:12 [initandlisten] connection accepted from 127.0.0.1:51836 #20
Sat Jun  2 20:28:12 [conn20] build index bks_accesslog.bks_analytics { _id: 1 }
Sat Jun  2 20:28:12 [conn20] build index done 0 records 0 secs
Sat Jun  2 20:28:12 [conn20] info: creating collection bks_accesslog.bks_analytics on add index
Sat Jun  2 20:28:12 [conn20] build index bks_accesslog.bks_analytics { site: 1 }
Sat Jun  2 20:28:12 [conn20] build index done 0 records 0 secs
Sat Jun  2 20:28:12 [conn20] build index bks_accesslog.bks_analytics { book: 1 }
Sat Jun  2 20:28:12 [conn20] build index done 0 records 0 secs
Sat Jun  2 20:28:12 [conn20] build index bks_accesslog.bks_analytics { type: 1 }
Sat Jun  2 20:28:12 [conn20] build index done 0 records 0 secs
Sat Jun  2 20:28:12 [conn20] build index bks_accesslog.bks_analytics { article: 1 }
Sat Jun  2 20:28:12 [conn20] build index done 0 records 0 secs
Sat Jun  2 20:28:12 [conn20] build index bks_accesslog.bks_analytics { journal: 1 }
Sat Jun  2 20:28:12 [conn20] build index done 0 records 0 secs
Sat Jun  2 20:28:12 [conn20] build index bks_accesslog.bks_analytics { issue: 1 }
Sat Jun  2 20:28:12 [conn20] build index done 0 records 0 secs
Sat Jun  2 20:28:12 [conn20] build index bks_accesslog.bks_analytics { articled: 1 }
Sat Jun  2 20:28:12 [conn20] build index done 0 records 0 secs
Sat Jun  2 20:28:12 [conn20] build index bks_accesslog.bks_processed_files { _id: 1 }
Sat Jun  2 20:28:12 [conn20] build index done 0 records 0 secs
Sat Jun  2 20:30:19 [clientcursormon] mem (MB) res:16 virt:2609 mapped:80
Sat Jun  2 20:30:21 [conn20] end connection 127.0.0.1:51836
Sat Jun  2 20:32:09 [conn1] CMD: drop bks_accesslog.bks_analytics
Sat Jun  2 20:32:11 [conn1] CMD: drop bks_accesslog.bks_processed_files
Sat Jun  2 20:32:17 [initandlisten] connection accepted from 127.0.0.1:51838 #21
Sat Jun  2 20:32:17 [conn21] build index bks_accesslog.bks_analytics { _id: 1 }
Sat Jun  2 20:32:17 [conn21] build index done 0 records 0 secs
Sat Jun  2 20:32:17 [conn21] info: creating collection bks_accesslog.bks_analytics on add index
Sat Jun  2 20:32:17 [conn21] build index bks_accesslog.bks_analytics { site: 1 }
Sat Jun  2 20:32:17 [conn21] build index done 0 records 0 secs
Sat Jun  2 20:32:17 [conn21] build index bks_accesslog.bks_analytics { book: 1 }
Sat Jun  2 20:32:17 [conn21] build index done 0 records 0 secs
Sat Jun  2 20:32:17 [conn21] build index bks_accesslog.bks_analytics { type: 1 }
Sat Jun  2 20:32:17 [conn21] build index done 0 records 0 secs
Sat Jun  2 20:32:17 [conn21] build index bks_accesslog.bks_analytics { article: 1 }
Sat Jun  2 20:32:17 [conn21] build index done 0 records 0 secs
Sat Jun  2 20:32:17 [conn21] build index bks_accesslog.bks_analytics { journal: 1 }
Sat Jun  2 20:32:17 [conn21] build index done 0 records 0 secs
Sat Jun  2 20:32:17 [conn21] build index bks_accesslog.bks_analytics { issue: 1 }
Sat Jun  2 20:32:17 [conn21] build index done 0 records 0 secs
Sat Jun  2 20:32:17 [conn21] build index bks_accesslog.bks_analytics { articled: 1 }
Sat Jun  2 20:32:17 [conn21] build index done 0 records 0 secs
Sat Jun  2 20:32:17 [conn21] build index bks_accesslog.bks_processed_files { _id: 1 }
Sat Jun  2 20:32:17 [conn21] build index done 0 records 0 secs
Sat Jun  2 20:34:25 [conn21] end connection 127.0.0.1:51838
Sat Jun  2 20:35:19 [clientcursormon] mem (MB) res:16 virt:2608 mapped:80
Sat Jun  2 20:35:46 [initandlisten] connection accepted from 127.0.0.1:51846 #22
Sat Jun  2 20:35:46 [conn22] end connection 127.0.0.1:51846
Sat Jun  2 20:36:53 [initandlisten] connection accepted from 127.0.0.1:51848 #23
Sat Jun  2 20:36:53 [conn23] end connection 127.0.0.1:51848
Sat Jun  2 20:37:31 [initandlisten] connection accepted from 127.0.0.1:51850 #24
Sat Jun  2 20:37:31 [conn24] end connection 127.0.0.1:51850
Sat Jun  2 20:37:48 [initandlisten] connection accepted from 127.0.0.1:51852 #25
Sat Jun  2 20:37:48 [conn25] end connection 127.0.0.1:51852
Sat Jun  2 20:37:55 [initandlisten] connection accepted from 127.0.0.1:51854 #26
Sat Jun  2 20:37:55 [conn26] end connection 127.0.0.1:51854
Sat Jun  2 20:38:12 [initandlisten] connection accepted from 127.0.0.1:51856 #27
Sat Jun  2 20:38:12 [conn27] end connection 127.0.0.1:51856
Sat Jun  2 20:40:19 [clientcursormon] mem (MB) res:16 virt:2608 mapped:80
Sat Jun  2 20:40:45 [initandlisten] connection accepted from 127.0.0.1:51858 #28
Sat Jun  2 20:40:45 [conn28] end connection 127.0.0.1:51858
Sat Jun  2 20:41:06 [initandlisten] connection accepted from 127.0.0.1:51860 #29
Sat Jun  2 20:41:06 [conn29] end connection 127.0.0.1:51860
Sat Jun  2 20:42:11 [initandlisten] connection accepted from 127.0.0.1:51862 #30
Sat Jun  2 20:42:11 [conn30] end connection 127.0.0.1:51862
Sat Jun  2 20:44:16 [initandlisten] connection accepted from 127.0.0.1:51864 #31
Sat Jun  2 20:44:16 [conn31] end connection 127.0.0.1:51864
Sat Jun  2 20:44:32 [initandlisten] connection accepted from 127.0.0.1:51868 #32
Sat Jun  2 20:44:32 [conn32] end connection 127.0.0.1:51868
Sat Jun  2 20:45:19 [clientcursormon] mem (MB) res:16 virt:2608 mapped:80
Sat Jun  2 20:50:19 [clientcursormon] mem (MB) res:16 virt:2608 mapped:80
Sat Jun  2 20:55:19 [clientcursormon] mem (MB) res:16 virt:2608 mapped:80
Sat Jun  2 21:20:41 [clientcursormon] mem (MB) res:16 virt:2608 mapped:80
Sat Jun  2 21:25:41 [clientcursormon] mem (MB) res:16 virt:2608 mapped:80
Sat Jun  2 21:30:42 [clientcursormon] mem (MB) res:11 virt:2608 mapped:80
Sun Jun  3 11:18:10 [clientcursormon] mem (MB) res:11 virt:2608 mapped:80
Sun Jun  3 11:23:10 [clientcursormon] mem (MB) res:10 virt:2608 mapped:80
Sun Jun  3 11:28:11 [clientcursormon] mem (MB) res:10 virt:2608 mapped:80
Sun Jun  3 11:33:11 [clientcursormon] mem (MB) res:10 virt:2608 mapped:80
Sun Jun  3 11:38:11 [clientcursormon] mem (MB) res:10 virt:2608 mapped:80
Sun Jun  3 11:43:11 [clientcursormon] mem (MB) res:10 virt:2608 mapped:80
Sun Jun  3 11:48:11 [clientcursormon] mem (MB) res:10 virt:2608 mapped:80
Sun Jun  3 11:53:11 [clientcursormon] mem (MB) res:10 virt:2608 mapped:80
Sun Jun  3 11:58:11 [clientcursormon] mem (MB) res:10 virt:2608 mapped:80
Sun Jun  3 12:03:11 [clientcursormon] mem (MB) res:10 virt:2608 mapped:80
Sun Jun  3 12:08:11 [clientcursormon] mem (MB) res:10 virt:2608 mapped:80
Sun Jun  3 12:13:11 [clientcursormon] mem (MB) res:10 virt:2608 mapped:80
Sun Jun  3 12:18:11 [clientcursormon] mem (MB) res:10 virt:2608 mapped:80
Sun Jun  3 12:23:11 [clientcursormon] mem (MB) res:10 virt:2608 mapped:80
Sun Jun  3 12:28:11 [clientcursormon] mem (MB) res:10 virt:2608 mapped:80
Sun Jun  3 12:33:11 [clientcursormon] mem (MB) res:10 virt:2608 mapped:80
Sun Jun  3 12:38:11 [clientcursormon] mem (MB) res:10 virt:2608 mapped:80
Sun Jun  3 12:43:12 [clientcursormon] mem (MB) res:10 virt:2608 mapped:80
Sun Jun  3 12:48:12 [clientcursormon] mem (MB) res:10 virt:2608 mapped:80
Sun Jun  3 12:53:12 [clientcursormon] mem (MB) res:10 virt:2608 mapped:80
Sun Jun  3 12:58:12 [clientcursormon] mem (MB) res:10 virt:2608 mapped:80
Sun Jun  3 13:03:12 [clientcursormon] mem (MB) res:10 virt:2608 mapped:80
Sun Jun  3 13:08:12 [clientcursormon] mem (MB) res:10 virt:2608 mapped:80
Sun Jun  3 13:13:12 [clientcursormon] mem (MB) res:10 virt:2608 mapped:80
Sun Jun  3 13:18:12 [clientcursormon] mem (MB) res:10 virt:2608 mapped:80
Sun Jun  3 13:23:12 [clientcursormon] mem (MB) res:10 virt:2608 mapped:80
Sun Jun  3 13:28:12 [clientcursormon] mem (MB) res:10 virt:2608 mapped:80
Sun Jun  3 13:34:11 [clientcursormon] mem (MB) res:10 virt:2608 mapped:80
Sun Jun  3 13:39:11 [clientcursormon] mem (MB) res:10 virt:2608 mapped:80
Sun Jun  3 13:44:11 [clientcursormon] mem (MB) res:10 virt:2608 mapped:80
Sun Jun  3 13:49:12 [clientcursormon] mem (MB) res:10 virt:2608 mapped:80
Sun Jun  3 13:54:12 [clientcursormon] mem (MB) res:10 virt:2608 mapped:80
Sun Jun  3 13:59:12 [clientcursormon] mem (MB) res:10 virt:2608 mapped:80
Sun Jun  3 14:04:12 [clientcursormon] mem (MB) res:10 virt:2608 mapped:80
Sun Jun  3 14:09:45 [clientcursormon] mem (MB) res:10 virt:2608 mapped:80
Sun Jun  3 14:15:38 [clientcursormon] mem (MB) res:10 virt:2608 mapped:80
Sun Jun  3 14:21:26 [clientcursormon] mem (MB) res:10 virt:2608 mapped:80
Sun Jun  3 15:03:06 [clientcursormon] mem (MB) res:10 virt:2608 mapped:80
Sun Jun  3 15:08:06 [clientcursormon] mem (MB) res:10 virt:2608 mapped:80
Sun Jun  3 15:13:06 [clientcursormon] mem (MB) res:10 virt:2608 mapped:80
Sun Jun  3 15:18:06 [clientcursormon] mem (MB) res:9 virt:2608 mapped:80
Sun Jun  3 15:23:06 [clientcursormon] mem (MB) res:9 virt:2608 mapped:80
Sun Jun  3 15:28:07 [clientcursormon] mem (MB) res:9 virt:2608 mapped:80
Sun Jun  3 15:46:44 [clientcursormon] mem (MB) res:9 virt:2608 mapped:80
Sun Jun  3 15:51:44 [clientcursormon] mem (MB) res:9 virt:2608 mapped:80
Sun Jun  3 15:56:44 [clientcursormon] mem (MB) res:9 virt:2608 mapped:80
Sun Jun  3 16:01:45 [clientcursormon] mem (MB) res:9 virt:2608 mapped:80
Sun Jun  3 16:06:45 [clientcursormon] mem (MB) res:9 virt:2608 mapped:80
Sun Jun  3 18:30:28 [clientcursormon] mem (MB) res:9 virt:2608 mapped:80
Sun Jun  3 18:35:28 [clientcursormon] mem (MB) res:9 virt:2608 mapped:80
Sun Jun  3 18:40:49 [clientcursormon] mem (MB) res:9 virt:2608 mapped:80
Sun Jun  3 18:45:49 [clientcursormon] mem (MB) res:9 virt:2608 mapped:80
Sun Jun  3 18:50:49 [clientcursormon] mem (MB) res:9 virt:2608 mapped:80
Sun Jun  3 18:55:50 [clientcursormon] mem (MB) res:9 virt:2608 mapped:80
Sun Jun  3 19:00:50 [clientcursormon] mem (MB) res:9 virt:2608 mapped:80
Sun Jun  3 19:05:50 [clientcursormon] mem (MB) res:9 virt:2608 mapped:80
Sun Jun  3 19:10:50 [clientcursormon] mem (MB) res:9 virt:2608 mapped:80
Sun Jun  3 21:23:04 [clientcursormon] mem (MB) res:9 virt:2608 mapped:80
Sun Jun  3 21:28:04 [clientcursormon] mem (MB) res:9 virt:2608 mapped:80
Sun Jun  3 21:33:04 [clientcursormon] mem (MB) res:9 virt:2608 mapped:80
Sun Jun  3 21:38:05 [clientcursormon] mem (MB) res:9 virt:2608 mapped:80
Mon Jun  4 07:07:08 [clientcursormon] mem (MB) res:9 virt:2608 mapped:80
